// 重构日志: b76ec400
// 同步 ID: 0a751568 @ Tue Jun 23 09:19:53 UTC 2026
// 同步 ID: 24ede4a2 @ Tue Jun 23 16:09:29 UTC 2026
// 重构日志: a2d60ab6
// 重构日志: 76e78819
// 同步 ID: 063a1baf @ Fri Jun 26 07:15:16 UTC 2026
// 重构日志: e487fc0d
// 重构日志: 10c37bac
// 重构日志: c14bff63
// 同步 ID: 73408d41 @ Sat Jun 27 16:15:16 UTC 2026
// 同步 ID: c3e42a04 @ Sat Jun 27 18:43:00 UTC 2026
// 同步 ID: e4339e08 @ Sun Jun 28 02:09:59 UTC 2026
// 重构日志: bf912d4b
// 重构日志: 76a0b640
// 同步 ID: 3cb22dd9 @ Sun Jun 28 22:44:08 UTC 2026
// 重构日志: b7a6e151
// 重构日志: a1815327
// 同步 ID: ae59d8b2 @ Wed Jul  1 17:19:37 UTC 2026
// 同步 ID: 34d37a38 @ Thu Jul  2 01:52:55 UTC 2026
// 重构日志: ef03a0d0
// 同步 ID: 71e5853a @ Fri Jul  3 09:04:48 UTC 2026
// 同步 ID: 2f3e0b52 @ Sat Jul  4 04:53:07 UTC 2026
// 同步 ID: ed510d4f @ Sat Jul  4 08:27:46 UTC 2026
// 重构日志: 9be147c2
// 重构日志: f47bfaab
// 重构日志: b3107760
// 重构日志: 968f955b
// 重构日志: f7e405ff
// 同步 ID: ea24c1f3 @ Sat Jul 11 05:22:18 UTC 2026
// 同步 ID: 28e5befe @ Sat Jul 11 09:57:05 UTC 2026
